This is pdfTeX, Version 3.1415926-2.4-1.40.13 (TeX Live 2012/Debian) (format=pdflatex 2014.3.6)  23 MAY 2014 12:00
entering extended mode
 restricted \write18 enabled.
 %&-line parsing enabled.
**tesi.tex
(./tesi.tex
LaTeX2e <2011/06/27>
Babel <v3.8m> and hyphenation patterns for english, dumylang, nohyphenation, it
alian, loaded.
(/usr/share/texlive/texmf-dist/tex/latex/base/book.cls
Document Class: book 2007/10/19 v1.4h Standard LaTeX document class
(/usr/share/texlive/texmf-dist/tex/latex/base/bk11.clo
File: bk11.clo 2007/10/19 v1.4h Standard LaTeX file (size option)
)
\c@part=\count79
\c@chapter=\count80
\c@section=\count81
\c@subsection=\count82
\c@subsubsection=\count83
\c@paragraph=\count84
\c@subparagraph=\count85
\c@figure=\count86
\c@table=\count87
\abovecaptionskip=\skip41
\belowcaptionskip=\skip42
\bibindent=\dimen102
)
(/usr/share/texlive/texmf-dist/tex/latex/geometry/geometry.sty
Package: geometry 2010/09/12 v5.6 Page Geometry

(/usr/share/texlive/texmf-dist/tex/latex/graphics/keyval.sty
Package: keyval 1999/03/16 v1.13 key=value parser (DPC)
\KV@toks@=\toks14
)
(/usr/share/texlive/texmf-dist/tex/generic/oberdiek/ifpdf.sty
Package: ifpdf 2011/01/30 v2.3 Provides the ifpdf switch (HO)
Package ifpdf Info: pdfTeX in PDF mode is detected.
)
(/usr/share/texlive/texmf-dist/tex/generic/oberdiek/ifvtex.sty
Package: ifvtex 2010/03/01 v1.5 Detect VTeX and its facilities (HO)
Package ifvtex Info: VTeX not detected.
)
(/usr/share/texlive/texmf-dist/tex/generic/ifxetex/ifxetex.sty
Package: ifxetex 2010/09/12 v0.6 Provides ifxetex conditional
)
\Gm@cnth=\count88
\Gm@cntv=\count89
\c@Gm@tempcnt=\count90
\Gm@bindingoffset=\dimen103
\Gm@wd@mp=\dimen104
\Gm@odd@mp=\dimen105
\Gm@even@mp=\dimen106
\Gm@layoutwidth=\dimen107
\Gm@layoutheight=\dimen108
\Gm@layouthoffset=\dimen109
\Gm@layoutvoffset=\dimen110
\Gm@dimlist=\toks15
)
(/usr/share/texlive/texmf-dist/tex/latex/caption/caption.sty
Package: caption 2012/02/19 v3.2f Customizing captions (AR)

(/usr/share/texlive/texmf-dist/tex/latex/caption/caption3.sty
Package: caption3 2012/01/12 v1.4b caption3 kernel (AR)
\captionmargin=\dimen111
\captionmargin@=\dimen112
\captionwidth=\dimen113
\caption@indent=\dimen114
\caption@parindent=\dimen115
\caption@hangindent=\dimen116
)
\c@ContinuedFloat=\count91
)
(/usr/share/texlive/texmf-dist/tex/latex/base/inputenc.sty
Package: inputenc 2008/03/30 v1.1d Input encoding file
\inpenc@prehook=\toks16
\inpenc@posthook=\toks17

(/usr/share/texlive/texmf-dist/tex/latex/base/utf8.def
File: utf8.def 2008/04/05 v1.1m UTF-8 support for inputenc
Now handling font encoding OML ...
... no UTF-8 mapping file for font encoding OML
Now handling font encoding T1 ...
... processing UTF-8 mapping file for font encoding T1

(/usr/share/texlive/texmf-dist/tex/latex/base/t1enc.dfu
File: t1enc.dfu 2008/04/05 v1.1m UTF-8 support for inputenc
   defining Unicode char U+00A1 (decimal 161)
   defining Unicode char U+00A3 (decimal 163)
   defining Unicode char U+00AB (decimal 171)
   defining Unicode char U+00BB (decimal 187)
   defining Unicode char U+00BF (decimal 191)
   defining Unicode char U+00C0 (decimal 192)
   defining Unicode char U+00C1 (decimal 193)
   defining Unicode char U+00C2 (decimal 194)
   defining Unicode char U+00C3 (decimal 195)
   defining Unicode char U+00C4 (decimal 196)
   defining Unicode char U+00C5 (decimal 197)
   defining Unicode char U+00C6 (decimal 198)
   defining Unicode char U+00C7 (decimal 199)
   defining Unicode char U+00C8 (decimal 200)
   defining Unicode char U+00C9 (decimal 201)
   defining Unicode char U+00CA (decimal 202)
   defining Unicode char U+00CB (decimal 203)
   defining Unicode char U+00CC (decimal 204)
   defining Unicode char U+00CD (decimal 205)
   defining Unicode char U+00CE (decimal 206)
   defining Unicode char U+00CF (decimal 207)
   defining Unicode char U+00D0 (decimal 208)
   defining Unicode char U+00D1 (decimal 209)
   defining Unicode char U+00D2 (decimal 210)
   defining Unicode char U+00D3 (decimal 211)
   defining Unicode char U+00D4 (decimal 212)
   defining Unicode char U+00D5 (decimal 213)
   defining Unicode char U+00D6 (decimal 214)
   defining Unicode char U+00D8 (decimal 216)
   defining Unicode char U+00D9 (decimal 217)
   defining Unicode char U+00DA (decimal 218)
   defining Unicode char U+00DB (decimal 219)
   defining Unicode char U+00DC (decimal 220)
   defining Unicode char U+00DD (decimal 221)
   defining Unicode char U+00DE (decimal 222)
   defining Unicode char U+00DF (decimal 223)
   defining Unicode char U+00E0 (decimal 224)
   defining Unicode char U+00E1 (decimal 225)
   defining Unicode char U+00E2 (decimal 226)
   defining Unicode char U+00E3 (decimal 227)
   defining Unicode char U+00E4 (decimal 228)
   defining Unicode char U+00E5 (decimal 229)
   defining Unicode char U+00E6 (decimal 230)
   defining Unicode char U+00E7 (decimal 231)
   defining Unicode char U+00E8 (decimal 232)
   defining Unicode char U+00E9 (decimal 233)
   defining Unicode char U+00EA (decimal 234)
   defining Unicode char U+00EB (decimal 235)
   defining Unicode char U+00EC (decimal 236)
   defining Unicode char U+00ED (decimal 237)
   defining Unicode char U+00EE (decimal 238)
   defining Unicode char U+00EF (decimal 239)
   defining Unicode char U+00F0 (decimal 240)
   defining Unicode char U+00F1 (decimal 241)
   defining Unicode char U+00F2 (decimal 242)
   defining Unicode char U+00F3 (decimal 243)
   defining Unicode char U+00F4 (decimal 244)
   defining Unicode char U+00F5 (decimal 245)
   defining Unicode char U+00F6 (decimal 246)
   defining Unicode char U+00F8 (decimal 248)
   defining Unicode char U+00F9 (decimal 249)
   defining Unicode char U+00FA (decimal 250)
   defining Unicode char U+00FB (decimal 251)
   defining Unicode char U+00FC (decimal 252)
   defining Unicode char U+00FD (decimal 253)
   defining Unicode char U+00FE (decimal 254)
   defining Unicode char U+00FF (decimal 255)
   defining Unicode char U+0102 (decimal 258)
   defining Unicode char U+0103 (decimal 259)
   defining Unicode char U+0104 (decimal 260)
   defining Unicode char U+0105 (decimal 261)
   defining Unicode char U+0106 (decimal 262)
   defining Unicode char U+0107 (decimal 263)
   defining Unicode char U+010C (decimal 268)
   defining Unicode char U+010D (decimal 269)
   defining Unicode char U+010E (decimal 270)
   defining Unicode char U+010F (decimal 271)
   defining Unicode char U+0110 (decimal 272)
   defining Unicode char U+0111 (decimal 273)
   defining Unicode char U+0118 (decimal 280)
   defining Unicode char U+0119 (decimal 281)
   defining Unicode char U+011A (decimal 282)
   defining Unicode char U+011B (decimal 283)
   defining Unicode char U+011E (decimal 286)
   defining Unicode char U+011F (decimal 287)
   defining Unicode char U+0130 (decimal 304)
   defining Unicode char U+0131 (decimal 305)
   defining Unicode char U+0132 (decimal 306)
   defining Unicode char U+0133 (decimal 307)
   defining Unicode char U+0139 (decimal 313)
   defining Unicode char U+013A (decimal 314)
   defining Unicode char U+013D (decimal 317)
   defining Unicode char U+013E (decimal 318)
   defining Unicode char U+0141 (decimal 321)
   defining Unicode char U+0142 (decimal 322)
   defining Unicode char U+0143 (decimal 323)
   defining Unicode char U+0144 (decimal 324)
   defining Unicode char U+0147 (decimal 327)
   defining Unicode char U+0148 (decimal 328)
   defining Unicode char U+014A (decimal 330)
   defining Unicode char U+014B (decimal 331)
   defining Unicode char U+0150 (decimal 336)
   defining Unicode char U+0151 (decimal 337)
   defining Unicode char U+0152 (decimal 338)
   defining Unicode char U+0153 (decimal 339)
   defining Unicode char U+0154 (decimal 340)
   defining Unicode char U+0155 (decimal 341)
   defining Unicode char U+0158 (decimal 344)
   defining Unicode char U+0159 (decimal 345)
   defining Unicode char U+015A (decimal 346)
   defining Unicode char U+015B (decimal 347)
   defining Unicode char U+015E (decimal 350)
   defining Unicode char U+015F (decimal 351)
   defining Unicode char U+0160 (decimal 352)
   defining Unicode char U+0161 (decimal 353)
   defining Unicode char U+0162 (decimal 354)
   defining Unicode char U+0163 (decimal 355)
   defining Unicode char U+0164 (decimal 356)
   defining Unicode char U+0165 (decimal 357)
   defining Unicode char U+016E (decimal 366)
   defining Unicode char U+016F (decimal 367)
   defining Unicode char U+0170 (decimal 368)
   defining Unicode char U+0171 (decimal 369)
   defining Unicode char U+0178 (decimal 376)
   defining Unicode char U+0179 (decimal 377)
   defining Unicode char U+017A (decimal 378)
   defining Unicode char U+017B (decimal 379)
   defining Unicode char U+017C (decimal 380)
   defining Unicode char U+017D (decimal 381)
   defining Unicode char U+017E (decimal 382)
   defining Unicode char U+200C (decimal 8204)
   defining Unicode char U+2013 (decimal 8211)
   defining Unicode char U+2014 (decimal 8212)
   defining Unicode char U+2018 (decimal 8216)
   defining Unicode char U+2019 (decimal 8217)
   defining Unicode char U+201A (decimal 8218)
   defining Unicode char U+201C (decimal 8220)
   defining Unicode char U+201D (decimal 8221)
   defining Unicode char U+201E (decimal 8222)
   defining Unicode char U+2030 (decimal 8240)
   defining Unicode char U+2031 (decimal 8241)
   defining Unicode char U+2039 (decimal 8249)
   defining Unicode char U+203A (decimal 8250)
   defining Unicode char U+2423 (decimal 9251)
)
Now handling font encoding OT1 ...
... processing UTF-8 mapping file for font encoding OT1

(/usr/share/texlive/texmf-dist/tex/latex/base/ot1enc.dfu
File: ot1enc.dfu 2008/04/05 v1.1m UTF-8 support for inputenc
   defining Unicode char U+00A1 (decimal 161)
   defining Unicode char U+00A3 (decimal 163)
   defining Unicode char U+00B8 (decimal 184)
   defining Unicode char U+00BF (decimal 191)
   defining Unicode char U+00C5 (decimal 197)
   defining Unicode char U+00C6 (decimal 198)
   defining Unicode char U+00D8 (decimal 216)
   defining Unicode char U+00DF (decimal 223)
   defining Unicode char U+00E6 (decimal 230)
   defining Unicode char U+00EC (decimal 236)
   defining Unicode char U+00ED (decimal 237)
   defining Unicode char U+00EE (decimal 238)
   defining Unicode char U+00EF (decimal 239)
   defining Unicode char U+00F8 (decimal 248)
   defining Unicode char U+0131 (decimal 305)
   defining Unicode char U+0141 (decimal 321)
   defining Unicode char U+0142 (decimal 322)
   defining Unicode char U+0152 (decimal 338)
   defining Unicode char U+0153 (decimal 339)
   defining Unicode char U+2013 (decimal 8211)
   defining Unicode char U+2014 (decimal 8212)
   defining Unicode char U+2018 (decimal 8216)
   defining Unicode char U+2019 (decimal 8217)
   defining Unicode char U+201C (decimal 8220)
   defining Unicode char U+201D (decimal 8221)
)
Now handling font encoding OMS ...
... processing UTF-8 mapping file for font encoding OMS

(/usr/share/texlive/texmf-dist/tex/latex/base/omsenc.dfu
File: omsenc.dfu 2008/04/05 v1.1m UTF-8 support for inputenc
   defining Unicode char U+00A7 (decimal 167)
   defining Unicode char U+00B6 (decimal 182)
   defining Unicode char U+00B7 (decimal 183)
   defining Unicode char U+2020 (decimal 8224)
   defining Unicode char U+2021 (decimal 8225)
   defining Unicode char U+2022 (decimal 8226)
)
Now handling font encoding OMX ...
... no UTF-8 mapping file for font encoding OMX
Now handling font encoding U ...
... no UTF-8 mapping file for font encoding U
   defining Unicode char U+00A9 (decimal 169)
   defining Unicode char U+00AA (decimal 170)
   defining Unicode char U+00AE (decimal 174)
   defining Unicode char U+00BA (decimal 186)
   defining Unicode char U+02C6 (decimal 710)
   defining Unicode char U+02DC (decimal 732)
   defining Unicode char U+200C (decimal 8204)
   defining Unicode char U+2026 (decimal 8230)
   defining Unicode char U+2122 (decimal 8482)
   defining Unicode char U+2423 (decimal 9251)
))
(/usr/share/texlive/texmf-dist/tex/generic/babel/babel.sty
Package: babel 2008/07/08 v3.8m The Babel package

(/usr/share/texlive/texmf-dist/tex/generic/babel/italian.ldf
Language: italian 2008/03/14 v1.2t Italian support from the babel system

(/usr/share/texlive/texmf-dist/tex/generic/babel/babel.def
File: babel.def 2008/07/08 v3.8m Babel common definitions
\babel@savecnt=\count92
\U@D=\dimen117
)
Package babel Info: Making " an active character on input line 94.
Now handling font encoding LGR ...
... no UTF-8 mapping file for font encoding LGR
))
(/usr/share/texlive/texmf-dist/tex/latex/amsmath/amsmath.sty
Package: amsmath 2000/07/18 v2.13 AMS math features
\@mathmargin=\skip43

For additional information on amsmath, use the `?' option.
(/usr/share/texlive/texmf-dist/tex/latex/amsmath/amstext.sty
Package: amstext 2000/06/29 v2.01

(/usr/share/texlive/texmf-dist/tex/latex/amsmath/amsgen.sty
File: amsgen.sty 1999/11/30 v2.0
\@emptytoks=\toks18
\ex@=\dimen118
))
(/usr/share/texlive/texmf-dist/tex/latex/amsmath/amsbsy.sty
Package: amsbsy 1999/11/29 v1.2d
\pmbraise@=\dimen119
)
(/usr/share/texlive/texmf-dist/tex/latex/amsmath/amsopn.sty
Package: amsopn 1999/12/14 v2.01 operator names
)
\inf@bad=\count93
LaTeX Info: Redefining \frac on input line 211.
\uproot@=\count94
\leftroot@=\count95
LaTeX Info: Redefining \overline on input line 307.
\classnum@=\count96
\DOTSCASE@=\count97
LaTeX Info: Redefining \ldots on input line 379.
LaTeX Info: Redefining \dots on input line 382.
LaTeX Info: Redefining \cdots on input line 467.
\Mathstrutbox@=\box26
\strutbox@=\box27
\big@size=\dimen120
LaTeX Font Info:    Redeclaring font encoding OML on input line 567.
LaTeX Font Info:    Redeclaring font encoding OMS on input line 568.
\macc@depth=\count98
\c@MaxMatrixCols=\count99
\dotsspace@=\muskip10
\c@parentequation=\count100
\dspbrk@lvl=\count101
\tag@help=\toks19
\row@=\count102
\column@=\count103
\maxfields@=\count104
\andhelp@=\toks20
\eqnshift@=\dimen121
\alignsep@=\dimen122
\tagshift@=\dimen123
\tagwidth@=\dimen124
\totwidth@=\dimen125
\lineht@=\dimen126
\@envbody=\toks21
\multlinegap=\skip44
\multlinetaggap=\skip45
\mathdisplay@stack=\toks22
LaTeX Info: Redefining \[ on input line 2666.
LaTeX Info: Redefining \] on input line 2667.
)
(/usr/share/texlive/texmf-dist/tex/latex/url/url.sty
\Urlmuskip=\muskip11
Package: url 2006/04/12  ver 3.3  Verb mode for urls, etc.
)
(/usr/share/texlive/texmf-dist/tex/latex/graphics/graphicx.sty
Package: graphicx 1999/02/16 v1.0f Enhanced LaTeX Graphics (DPC,SPQR)

(/usr/share/texlive/texmf-dist/tex/latex/graphics/graphics.sty
Package: graphics 2009/02/05 v1.0o Standard LaTeX Graphics (DPC,SPQR)

(/usr/share/texlive/texmf-dist/tex/latex/graphics/trig.sty
Package: trig 1999/03/16 v1.09 sin cos tan (DPC)
)
(/usr/share/texlive/texmf-dist/tex/latex/latexconfig/graphics.cfg
File: graphics.cfg 2010/04/23 v1.9 graphics configuration of TeX Live
)
Package graphics Info: Driver file: pdftex.def on input line 91.

(/usr/share/texlive/texmf-dist/tex/latex/pdftex-def/pdftex.def
File: pdftex.def 2011/05/27 v0.06d Graphics/color for pdfTeX

(/usr/share/texlive/texmf-dist/tex/generic/oberdiek/infwarerr.sty
Package: infwarerr 2010/04/08 v1.3 Providing info/warning/error messages (HO)
)
(/usr/share/texlive/texmf-dist/tex/generic/oberdiek/ltxcmds.sty
Package: ltxcmds 2011/11/09 v1.22 LaTeX kernel commands for general use (HO)
)
\Gread@gobject=\count105
))
\Gin@req@height=\dimen127
\Gin@req@width=\dimen128
)
(/usr/share/texlive/texmf-dist/tex/latex/fancyhdr/fancyhdr.sty
\fancy@headwidth=\skip46
\f@ncyO@elh=\skip47
\f@ncyO@erh=\skip48
\f@ncyO@olh=\skip49
\f@ncyO@orh=\skip50
\f@ncyO@elf=\skip51
\f@ncyO@erf=\skip52
\f@ncyO@olf=\skip53
\f@ncyO@orf=\skip54
)
(/usr/share/texlive/texmf-dist/tex/latex/listings/listings.sty
\lst@mode=\count106
\lst@gtempboxa=\box28
\lst@token=\toks23
\lst@length=\count107
\lst@currlwidth=\dimen129
\lst@column=\count108
\lst@pos=\count109
\lst@lostspace=\dimen130
\lst@width=\dimen131
\lst@newlines=\count110
\lst@lineno=\count111
\lst@maxwidth=\dimen132

(/usr/share/texlive/texmf-dist/tex/latex/listings/lstmisc.sty
File: lstmisc.sty 2007/02/22 1.4 (Carsten Heinz)
\c@lstnumber=\count112
\lst@skipnumbers=\count113
\lst@framebox=\box29
)
(/usr/share/texlive/texmf-dist/tex/latex/listings/listings.cfg
File: listings.cfg 2007/02/22 1.4 listings configuration
))
Package: listings 2007/02/22 1.4 (Carsten Heinz)
 (./tesi.aux
(./inizio/introduzione.aux) (./capitoli/tecnicheAntispam.aux)
(./capitoli/tecnicheGrafo.aux) (./capitoli/tecnicheAltre.aux)
(./capitoli/dataset.aux) (./capitoli/test.aux))
\openout1 = `tesi.aux'.

LaTeX Font Info:    Checking defaults for OML/cmm/m/it on input line 13.
LaTeX Font Info:    ... okay on input line 13.
LaTeX Font Info:    Checking defaults for T1/cmr/m/n on input line 13.
LaTeX Font Info:    ... okay on input line 13.
LaTeX Font Info:    Checking defaults for OT1/cmr/m/n on input line 13.
LaTeX Font Info:    ... okay on input line 13.
LaTeX Font Info:    Checking defaults for OMS/cmsy/m/n on input line 13.
LaTeX Font Info:    ... okay on input line 13.
LaTeX Font Info:    Checking defaults for OMX/cmex/m/n on input line 13.
LaTeX Font Info:    ... okay on input line 13.
LaTeX Font Info:    Checking defaults for U/cmr/m/n on input line 13.
LaTeX Font Info:    ... okay on input line 13.
LaTeX Font Info:    Checking defaults for LGR/cmr/m/n on input line 13.
LaTeX Font Info:    Try loading font information for LGR+cmr on input line 13.

(/usr/share/texlive/texmf-dist/tex/generic/babel/lgrcmr.fd
File: lgrcmr.fd 2008/06/17 v2.3 Greek Computer Modern
)
LaTeX Font Info:    ... okay on input line 13.

*geometry* driver: auto-detecting
*geometry* detected driver: pdftex
*geometry* verbose mode - [ preamble ] result:
* driver: pdftex
* paper: a4paper
* layout: <same size as paper>
* layoutoffset:(h,v)=(0.0pt,0.0pt)
* bindingoffset: 14.22636pt
* modes: includehead heightrounded 
* h-part:(L,W,R)=(99.58464pt, 398.33861pt, 85.35826pt)
* v-part:(T,H,B)=(71.13188pt, 674.33032pt, 99.58464pt)
* \paperwidth=597.50787pt
* \paperheight=845.04684pt
* \textwidth=398.33861pt
* \textheight=623.00027pt
* \oddsidemargin=41.54102pt
* \evensidemargin=27.31465pt
* \topmargin=-1.1381pt
* \headheight=12.0pt
* \headsep=42.67912pt
* \topskip=11.0pt
* \footskip=27.46295pt
* \marginparwidth=53.0pt
* \marginparsep=7.0pt
* \columnsep=10.0pt
* \skip\footins=10.0pt plus 4.0pt minus 2.0pt
* \hoffset=0.0pt
* \voffset=0.0pt
* \mag=1000
* \@twocolumnfalse
* \@twosidefalse
* \@mparswitchfalse
* \@reversemarginfalse
* (1in=72.27pt=25.4mm, 1cm=28.453pt)

Package caption Info: Begin \AtBeginDocument code.
Package caption Info: listings package is loaded.
Package caption Info: End \AtBeginDocument code.
(/usr/share/texlive/texmf-dist/tex/context/base/supp-pdf.mkii
[Loading MPS to PDF converter (version 2006.09.02).]
\scratchcounter=\count114
\scratchdimen=\dimen133
\scratchbox=\box30
\nofMPsegments=\count115
\nofMParguments=\count116
\everyMPshowfont=\toks24
\MPscratchCnt=\count117
\MPscratchDim=\dimen134
\MPnumerator=\count118
\makeMPintoPDFobject=\count119
\everyMPtoPDFconversion=\toks25
) (/usr/share/texlive/texmf-dist/tex/generic/oberdiek/pdftexcmds.sty
Package: pdftexcmds 2011/11/29 v0.20 Utility functions of pdfTeX for LuaTeX (HO
)

(/usr/share/texlive/texmf-dist/tex/generic/oberdiek/ifluatex.sty
Package: ifluatex 2010/03/01 v1.3 Provides the ifluatex switch (HO)
Package ifluatex Info: LuaTeX not detected.
)
Package pdftexcmds Info: LuaTeX not detected.
Package pdftexcmds Info: \pdf@primitive is available.
Package pdftexcmds Info: \pdf@ifprimitive is available.
Package pdftexcmds Info: \pdfdraftmode found.
)
(/usr/share/texlive/texmf-dist/tex/latex/oberdiek/epstopdf-base.sty
Package: epstopdf-base 2010/02/09 v2.5 Base part for package epstopdf

(/usr/share/texlive/texmf-dist/tex/latex/oberdiek/grfext.sty
Package: grfext 2010/08/19 v1.1 Manage graphics extensions (HO)

(/usr/share/texlive/texmf-dist/tex/generic/oberdiek/kvdefinekeys.sty
Package: kvdefinekeys 2011/04/07 v1.3 Define keys (HO)
))
(/usr/share/texlive/texmf-dist/tex/latex/oberdiek/kvoptions.sty
Package: kvoptions 2011/06/30 v3.11 Key value format for package options (HO)

(/usr/share/texlive/texmf-dist/tex/generic/oberdiek/kvsetkeys.sty
Package: kvsetkeys 2012/04/25 v1.16 Key value parser (HO)

(/usr/share/texlive/texmf-dist/tex/generic/oberdiek/etexcmds.sty
Package: etexcmds 2011/02/16 v1.5 Avoid name clashes with e-TeX commands (HO)
Package etexcmds Info: Could not find \expanded.
(etexcmds)             That can mean that you are not using pdfTeX 1.50 or
(etexcmds)             that some package has redefined \expanded.
(etexcmds)             In the latter case, load this package earlier.
)))
Package grfext Info: Graphics extension search list:
(grfext)             [.png,.pdf,.jpg,.mps,.jpeg,.jbig2,.jb2,.PNG,.PDF,.JPG,.JPE
G,.JBIG2,.JB2,.eps]
(grfext)             \AppendGraphicsExtensions on input line 452.

(/usr/share/texlive/texmf-dist/tex/latex/latexconfig/epstopdf-sys.cfg
File: epstopdf-sys.cfg 2010/07/13 v1.3 Configuration of (r)epstopdf for TeX Liv
e
))
\c@lstlisting=\count120

(./tesi.toc [1



{/var/lib/texmf/fonts/map/pdftex/updmap/pdftex.map}])
\tf@toc=\write3
\openout3 = `tesi.toc'.

 [2]
(./tesi.lof [3

] [4] [5] [6])
\tf@lof=\write4
\openout4 = `tesi.lof'.

 [7]
\openout2 = `inizio/introduzione.aux'.

 (./inizio/introduzione.tex
Capitolo 1.
LaTeX Font Info:    Try loading font information for OMS+cmr on input line 10.
(/usr/share/texlive/texmf-dist/tex/latex/base/omscmr.fd
File: omscmr.fd 1999/05/25 v2.5h Standard LaTeX font definitions
)
LaTeX Font Info:    Font shape `OMS/cmr/m/n' in size <10.95> not available
(Font)              Font shape `OMS/cmsy/m/n' tried instead on input line 10.
 [1



] [2] [3] [4]
[5] [6]
<immagini/tassonomiaTecnicheBoost.png, id=55, 411.86884pt x 341.00214pt>
File: immagini/tassonomiaTecnicheBoost.png Graphic file (type png)

<use immagini/tassonomiaTecnicheBoost.png>
Package pdftex.def Info: immagini/tassonomiaTecnicheBoost.png used on input lin
e 101.
(pdftex.def)             Requested size: 341.43306pt x 282.69868pt.
 [7] [8 <./immagini/tassonomiaTecnicheBoost.png (PNG copy)>]
<immagini/tipologiaPagine.png, id=63, 577.48457pt x 309.34262pt>
File: immagini/tipologiaPagine.png Graphic file (type png)

<use immagini/tipologiaPagine.png>
Package pdftex.def Info: immagini/tipologiaPagine.png used on input line 135.
(pdftex.def)             Requested size: 284.52756pt x 152.41467pt.
 [9] [10 <./immagini/tipologiaPagine.png (PNG copy)>] <immagini/spamfarm.png, i
d=70, 441.16122pt x 199.84225pt>
File: immagini/spamfarm.png Graphic file (type png)

<use immagini/spamfarm.png>
Package pdftex.def Info: immagini/spamfarm.png used on input line 151.
(pdftex.def)             Requested size: 284.52756pt x 128.88963pt.

<immagini/tassonomiaHiding.png, id=71, 519.97653pt x 266.41907pt>
File: immagini/tassonomiaHiding.png Graphic file (type png)

<use immagini/tassonomiaHiding.png>
Package pdftex.def Info: immagini/tassonomiaHiding.png used on input line 160.
(pdftex.def)             Requested size: 284.52756pt x 145.78293pt.
 [11 <./immagini/spamfarm.png (PNG copy)>]
[12 <./immagini/tassonomiaHiding.png (PNG copy)>]) [13]
\openout2 = `capitoli/tecnicheAntispam.aux'.


(./capitoli/tecnicheAntispam.tex
Capitolo 2.
[14



] <immagini/fetterly/fetterly1.png, id=85, 597.81236pt x 361.35pt>
File: immagini/fetterly/fetterly1.png Graphic file (type png)

<use immagini/fetterly/fetterly1.png>
Package pdftex.def Info: immagini/fetterly/fetterly1.png used on input line 21.

(pdftex.def)             Requested size: 341.43306pt x 206.39069pt.

<immagini/fetterly/fetterly2.png, id=86, 606.05368pt x 368.95737pt>
File: immagini/fetterly/fetterly2.png Graphic file (type png)

<use immagini/fetterly/fetterly2.png>
Package pdftex.def Info: immagini/fetterly/fetterly2.png used on input line 24.

(pdftex.def)             Requested size: 341.43306pt x 207.86453pt.
 [15]
<immagini/fetterly/fetterly3.png, id=90, 670.505pt x 453.695pt>
File: immagini/fetterly/fetterly3.png Graphic file (type png)

<use immagini/fetterly/fetterly3.png>
Package pdftex.def Info: immagini/fetterly/fetterly3.png used on input line 32.

(pdftex.def)             Requested size: 341.43306pt x 231.02832pt.

<immagini/fetterly/fetterly4.png, id=91, 669.50125pt x 445.665pt>
File: immagini/fetterly/fetterly4.png Graphic file (type png)

<use immagini/fetterly/fetterly4.png>
Package pdftex.def Info: immagini/fetterly/fetterly4.png used on input line 40.

(pdftex.def)             Requested size: 341.43306pt x 227.28613pt.

<immagini/fetterly/fetterly9.png, id=92, 656.4525pt x 469.755pt>
File: immagini/fetterly/fetterly9.png Graphic file (type png)

<use immagini/fetterly/fetterly9.png>
Package pdftex.def Info: immagini/fetterly/fetterly9.png used on input line 47.

(pdftex.def)             Requested size: 341.43306pt x 244.33134pt.

<immagini/fetterly/fetterly5.png, id=93, 661.47125pt x 454.69875pt>
File: immagini/fetterly/fetterly5.png Graphic file (type png)

<use immagini/fetterly/fetterly5.png>
Package pdftex.def Info: immagini/fetterly/fetterly5.png used on input line 56.

(pdftex.def)             Requested size: 341.43306pt x 234.69629pt.
 [16] [17 <./immagini/fetterly/fetterly1.png (PNG copy)> <./immagini/fetterly/f
etterly2.png (PNG copy)>] [18 <./immagini/fetterly/fetterly3.png (PNG copy)> <.
/immagini/fetterly/fetterly4.png (PNG copy)>] <immagini/fetterly/fetterly6.png,
 id=104, 669.50125pt x 458.71375pt>
File: immagini/fetterly/fetterly6.png Graphic file (type png)

<use immagini/fetterly/fetterly6.png>
Package pdftex.def Info: immagini/fetterly/fetterly6.png used on input line 65.

(pdftex.def)             Requested size: 341.43306pt x 233.94092pt.
 [19 <./immagini/fetterly/fetterly9.png (PNG copy)>]
<immagini/fetterly/fetterly7.png, id=108, 685.56125pt x 464.73625pt>
File: immagini/fetterly/fetterly7.png Graphic file (type png)

<use immagini/fetterly/fetterly7.png>
Package pdftex.def Info: immagini/fetterly/fetterly7.png used on input line 73.

(pdftex.def)             Requested size: 341.43306pt x 231.45985pt.

<immagini/fetterly/fetterly8.png, id=109, 662.475pt x 459.7175pt>
File: immagini/fetterly/fetterly8.png Graphic file (type png)

<use immagini/fetterly/fetterly8.png>
Package pdftex.def Info: immagini/fetterly/fetterly8.png used on input line 82.

(pdftex.def)             Requested size: 341.43306pt x 236.92902pt.
 [20 <./immagini/fetterly/fetterly5.png (PNG copy)>] [21 <./immagini/fetterly/f
etterly6.png> <./immagini/fetterly/fetterly7.png>] <immagini/fetterly/fetterly1
3.png, id=116, 499.8675pt x 425.59pt>
File: immagini/fetterly/fetterly13.png Graphic file (type png)

<use immagini/fetterly/fetterly13.png>
Package pdftex.def Info: immagini/fetterly/fetterly13.png used on input line 94
.
(pdftex.def)             Requested size: 227.62204pt x 193.79959pt.
 [22 <./immagini/fetterly/fetterly8.png (PNG copy)>] [23 <./immagini/fetterly/f
etterly13.png (PNG copy)>]
<immagini/martinez/martinez1.png, id=123, 901.3675pt x 319.1925pt>
File: immagini/martinez/martinez1.png Graphic file (type png)

<use immagini/martinez/martinez1.png>
Package pdftex.def Info: immagini/martinez/martinez1.png used on input line 116
.
(pdftex.def)             Requested size: 341.43306pt x 120.90964pt.
 [24]
<immagini/martinez/martinez2.png, id=129, 867.24pt x 338.26375pt>
File: immagini/martinez/martinez2.png Graphic file (type png)

<use immagini/martinez/martinez2.png>
Package pdftex.def Info: immagini/martinez/martinez2.png used on input line 124
.
(pdftex.def)             Requested size: 341.43306pt x 133.17656pt.

<immagini/martinez/martinez3.png, id=130, 887.315pt x 339.2675pt>
File: immagini/martinez/martinez3.png Graphic file (type png)

<use immagini/martinez/martinez3.png>
Package pdftex.def Info: immagini/martinez/martinez3.png used on input line 132
.
(pdftex.def)             Requested size: 341.43306pt x 130.54332pt.
 [25 <./immagini/martinez/martinez1.png (PNG copy)>]
<immagini/martinez/martinez4.png, id=134, 872.25874pt x 338.26375pt>
File: immagini/martinez/martinez4.png Graphic file (type png)

<use immagini/martinez/martinez4.png>
Package pdftex.def Info: immagini/martinez/martinez4.png used on input line 140
.
(pdftex.def)             Requested size: 341.43306pt x 132.4075pt.

<immagini/martinez/martinez5.png, id=135, 888.31876pt x 328.22626pt>
File: immagini/martinez/martinez5.png Graphic file (type png)

<use immagini/martinez/martinez5.png>
Package pdftex.def Info: immagini/martinez/martinez5.png used on input line 148
.
(pdftex.def)             Requested size: 341.43306pt x 126.15463pt.
 [26 <./immagini/martinez/martinez2.png (PNG copy)> <./immagini/martinez/martin
ez3.png (PNG copy)>]
<immagini/martinez/martinez6.png, id=139, 885.3075pt x 319.1925pt>
File: immagini/martinez/martinez6.png Graphic file (type png)

<use immagini/martinez/martinez6.png>
Package pdftex.def Info: immagini/martinez/martinez6.png used on input line 156
.
(pdftex.def)             Requested size: 341.43306pt x 123.10135pt.

<immagini/martinez/martinez7.png, id=140, 873.2625pt x 322.20375pt>
File: immagini/martinez/martinez7.png Graphic file (type png)

<use immagini/martinez/martinez7.png>
Package pdftex.def Info: immagini/martinez/martinez7.png used on input line 164
.
(pdftex.def)             Requested size: 341.43306pt x 125.9736pt.
 [27 <./immagini/martinez/martinez4.png (PNG copy)> <./immagini/martinez/martin
ez5.png (PNG copy)>]
<immagini/martinez/martinez8.png, id=144, 893.3375pt x 335.2525pt>
File: immagini/martinez/martinez8.png Graphic file (type png)

<use immagini/martinez/martinez8.png>
Package pdftex.def Info: immagini/martinez/martinez8.png used on input line 172
.
(pdftex.def)             Requested size: 341.43306pt x 128.13391pt.
 [28 <./immagini/martinez/martinez6.png (PNG copy)> <./immagini/martinez/martin
ez7.png (PNG copy)>]
<immagini/zhou/immagine1.png, id=148, 554.07pt x 289.08pt>
File: immagini/zhou/immagine1.png Graphic file (type png)

<use immagini/zhou/immagine1.png>
Package pdftex.def Info: immagini/zhou/immagine1.png used on input line 188.
(pdftex.def)             Requested size: 284.52756pt x 148.44778pt.
 [29 <./immagini/martinez/martinez8.png (PNG copy)>] <immagini/zhou/immagine2.p
ng, id=152, 544.0325pt x 411.5375pt>
File: immagini/zhou/immagine2.png Graphic file (type png)

<use immagini/zhou/immagine2.png>
Package pdftex.def Info: immagini/zhou/immagine2.png used on input line 200.
(pdftex.def)             Requested size: 284.52756pt x 215.24408pt.
 [30 <./immagini/zhou/immagine1.png (PNG copy)>] [31 <./immagini/zhou/immagine2
.png (PNG copy)>]
<immagini/zhou/immagine3.png, id=162, 681.54625pt x 475.7775pt>
File: immagini/zhou/immagine3.png Graphic file (type png)

<use immagini/zhou/immagine3.png>
Package pdftex.def Info: immagini/zhou/immagine3.png used on input line 218.
(pdftex.def)             Requested size: 284.52756pt x 198.62732pt.

<immagini/zhou/immagine4.png, id=163, 665.48625pt x 457.71pt>
File: immagini/zhou/immagine4.png Graphic file (type png)

<use immagini/zhou/immagine4.png>
Package pdftex.def Info: immagini/zhou/immagine4.png used on input line 231.
(pdftex.def)             Requested size: 284.52756pt x 195.69402pt.
 [32 <./immagini/zhou/immagine3.png (PNG copy)>] [33 <./immagini/zhou/immagine4
.png (PNG copy)>]) [34]
\openout2 = `capitoli/tecnicheGrafo.aux'.


(./capitoli/tecnicheGrafo.tex
Capitolo 3.
[35



] [36] <immagini/trustrank/trustrank.png, id=180, 399.4925pt x 575.14874pt>
File: immagini/trustrank/trustrank.png Graphic file (type png)

<use immagini/trustrank/trustrank.png>
Package pdftex.def Info: immagini/trustrank/trustrank.png used on input line 55
.
(pdftex.def)             Requested size: 227.62204pt x 327.70654pt.
 [37 <./immagini/trustrank/trustrank.png (PNG copy)>] [38] [39] [40]
<immagini/sub/sub.png, id=193, 984.67876pt x 569.12625pt>
File: immagini/sub/sub.png Graphic file (type png)

<use immagini/sub/sub.png>
Package pdftex.def Info: immagini/sub/sub.png used on input line 119.
(pdftex.def)             Requested size: 344.59764pt x 199.16928pt.
 [41] [42 <./immagini/sub/sub.png>] [43] [44]
<immagini/linkfarm/linkfarm.png, id=211, 635.37375pt x 331.2375pt>
File: immagini/linkfarm/linkfarm.png Graphic file (type png)

<use immagini/linkfarm/linkfarm.png>
Package pdftex.def Info: immagini/linkfarm/linkfarm.png used on input line 174.

(pdftex.def)             Requested size: 227.62204pt x 118.66415pt.
 [45] [46 <./immagini/linkfarm/linkfarm.png>] <immagini/gan/immagine1.png, id=2
19, 343.2825pt x 212.795pt>
File: immagini/gan/immagine1.png Graphic file (type png)

<use immagini/gan/immagine1.png>
Package pdftex.def Info: immagini/gan/immagine1.png used on input line 195.
(pdftex.def)             Requested size: 284.52756pt x 176.37302pt.

<immagini/gan/immagine2.png, id=220, 367.3725pt x 221.82875pt>
File: immagini/gan/immagine2.png Graphic file (type png)

<use immagini/gan/immagine2.png>
Package pdftex.def Info: immagini/gan/immagine2.png used on input line 202.
(pdftex.def)             Requested size: 284.52756pt x 171.81732pt.

<immagini/gan/immagine3.png, id=221, 372.39125pt x 204.765pt>
File: immagini/gan/immagine3.png Graphic file (type png)

<use immagini/gan/immagine3.png>
Package pdftex.def Info: immagini/gan/immagine3.png used on input line 209.
(pdftex.def)             Requested size: 284.52756pt x 156.45723pt.
 [47] [48 <./immagini/gan/immagine1.png (PNG copy)> <./immagini/gan/immagine2.p
ng (PNG copy)>] [49 <./immagini/gan/immagine3.png (PNG copy)>] [50]) [51] [52]
\openout2 = `capitoli/tecnicheAltre.aux'.

 (./capitoli/tecnicheAltre.tex
Capitolo 4.
[53



] [54] [55] <immagini/altre/webb.png, id=251, 811.03pt x 587.19376pt>
File: immagini/altre/webb.png Graphic file (type png)

<use immagini/altre/webb.png>
Package pdftex.def Info: immagini/altre/webb.png used on input line 30.
(pdftex.def)             Requested size: 284.52756pt x 206.00471pt.
 [56] [57 <./immagini/altre/webb.png (PNG copy)>]
<immagini/altre/seov.png, id=258, 772.8875pt x 440.64626pt>
File: immagini/altre/seov.png Graphic file (type png)

<use immagini/altre/seov.png>
Package pdftex.def Info: immagini/altre/seov.png used on input line 46.
(pdftex.def)             Requested size: 284.52756pt x 162.21626pt.
 [58 <./immagini/altre/seov.png (PNG copy)>]
<immagini/altre/browser.png, id=262, 1039.885pt x 462.72874pt>
File: immagini/altre/browser.png Graphic file (type png)

<use immagini/altre/browser.png>
Package pdftex.def Info: immagini/altre/browser.png used on input line 70.
(pdftex.def)             Requested size: 284.52756pt x 126.60474pt.
 [59] [60 <./immagini/altre/browser.png (PNG copy)>]) [61]
\openout2 = `capitoli/dataset.aux'.

 (./capitoli/dataset.tex
Capitolo 5.
[62



] [63] [64] [65]) [66]
\openout2 = `capitoli/test.aux'.

 (./capitoli/test.tex
Capitolo 6.
[67



] [68] <immagini/test/grafoComp.png, id=295, 273.41557pt x 136.70778pt>
File: immagini/test/grafoComp.png Graphic file (type png)

<use immagini/test/grafoComp.png>
Package pdftex.def Info: immagini/test/grafoComp.png used on input line 26.
(pdftex.def)             Requested size: 273.4149pt x 136.70743pt.

<immagini/test/grafo3.png, id=296, 170.88474pt x 136.70778pt>
File: immagini/test/grafo3.png Graphic file (type png)

<use immagini/test/grafo3.png>
Package pdftex.def Info: immagini/test/grafo3.png used on input line 36.
(pdftex.def)             Requested size: 170.88431pt x 136.70743pt.
 [69 <./immagini/test/grafoComp.png>]
<immagini/test/trustVettore.png, id=300, 273.14645pt x 54.62929pt>
File: immagini/test/trustVettore.png Graphic file (type png)

<use immagini/test/trustVettore.png>
Package pdftex.def Info: immagini/test/trustVettore.png used on input line 45.
(pdftex.def)             Requested size: 273.14578pt x 54.62914pt.

<immagini/test/immagineAntiTrust.png, id=301, 273.14645pt x 54.62929pt>
File: immagini/test/immagineAntiTrust.png Graphic file (type png)

<use immagini/test/immagineAntiTrust.png>
Package pdftex.def Info: immagini/test/immagineAntiTrust.png used on input line
 51.
(pdftex.def)             Requested size: 273.14578pt x 54.62914pt.

<immagini/test/tBFSmodoB.png, id=302, 273.14645pt x 109.25858pt>
File: immagini/test/tBFSmodoB.png Graphic file (type png)

<use immagini/test/tBFSmodoB.png>
Package pdftex.def Info: immagini/test/tBFSmodoB.png used on input line 62.
(pdftex.def)             Requested size: 273.14578pt x 109.2583pt.

<immagini/test/tBFSmodoA.png, id=303, 273.14645pt x 54.62929pt>
File: immagini/test/tBFSmodoA.png Graphic file (type png)

<use immagini/test/tBFSmodoA.png>
Package pdftex.def Info: immagini/test/tBFSmodoA.png used on input line 69.
(pdftex.def)             Requested size: 273.14578pt x 54.62914pt.

<immagini/test/aBFSmodoA.png, id=304, 273.14645pt x 54.62929pt>
File: immagini/test/aBFSmodoA.png Graphic file (type png)

<use immagini/test/aBFSmodoA.png>
Package pdftex.def Info: immagini/test/aBFSmodoA.png used on input line 75.
(pdftex.def)             Requested size: 273.14578pt x 54.62914pt.
 [70 <./immagini/test/grafo3.png> <./immagini/test/trustVettore.png> <./immagin
i/test/immagineAntiTrust.png>] [71] [72 <./immagini/test/tBFSmodoB.png> <./imma
gini/test/tBFSmodoA.png> <./immagini/test/aBFSmodoA.png>] [73]
<immagini/test1/trustranktestMode1_62.jpg, id=318, 481.8pt x 481.8pt>
File: immagini/test1/trustranktestMode1_62.jpg Graphic file (type jpg)

<use immagini/test1/trustranktestMode1_62.jpg>
Package pdftex.def Info: immagini/test1/trustranktestMode1_62.jpg used on input
 line 100.
(pdftex.def)             Requested size: 256.0806pt x 256.0748pt.

<immagini/test1/trustranktestMode1_112.jpg, id=319, 481.8pt x 481.8pt>
File: immagini/test1/trustranktestMode1_112.jpg Graphic file (type jpg)

<use immagini/test1/trustranktestMode1_112.jpg>
Package pdftex.def Info: immagini/test1/trustranktestMode1_112.jpg used on inpu
t line 104.
(pdftex.def)             Requested size: 256.0806pt x 256.0748pt.


LaTeX Warning: Float too large for page by 18.14932pt on input line 107.

[74] [75 <./immagini/test1/trustranktestMode1_62.jpg> <./immagini/test1/trustra
nktestMode1_112.jpg>]
<immagini/test1/antiTrustrankTestMode1_62.jpg, id=326, 481.8pt x 481.8pt>
File: immagini/test1/antiTrustrankTestMode1_62.jpg Graphic file (type jpg)

<use immagini/test1/antiTrustrankTestMode1_62.jpg>
Package pdftex.def Info: immagini/test1/antiTrustrankTestMode1_62.jpg used on i
nput line 114.
(pdftex.def)             Requested size: 256.0806pt x 256.0748pt.

<immagini/test1/antiTrustrankTestMode1_112.jpg, id=327, 481.8pt x 481.8pt>
File: immagini/test1/antiTrustrankTestMode1_112.jpg Graphic file (type jpg)

<use immagini/test1/antiTrustrankTestMode1_112.jpg>
Package pdftex.def Info: immagini/test1/antiTrustrankTestMode1_112.jpg used on 
input line 118.
(pdftex.def)             Requested size: 256.0806pt x 256.0748pt.


LaTeX Warning: Float too large for page by 18.14932pt on input line 121.

[76] [77 <./immagini/test1/antiTrustrankTestMode1_62.jpg> <./immagini/test1/ant
iTrustrankTestMode1_112.jpg>]
<immagini/test1/coplotTrustAnti_62.jpg, id=334, 481.8pt x 481.8pt>
File: immagini/test1/coplotTrustAnti_62.jpg Graphic file (type jpg)

<use immagini/test1/coplotTrustAnti_62.jpg>
Package pdftex.def Info: immagini/test1/coplotTrustAnti_62.jpg used on input li
ne 131.
(pdftex.def)             Requested size: 256.0806pt x 256.0748pt.

<immagini/test1/coplotTrustAnti_112.jpg, id=335, 481.8pt x 481.8pt>
File: immagini/test1/coplotTrustAnti_112.jpg Graphic file (type jpg)

<use immagini/test1/coplotTrustAnti_112.jpg>
Package pdftex.def Info: immagini/test1/coplotTrustAnti_112.jpg used on input l
ine 135.
(pdftex.def)             Requested size: 256.0806pt x 256.0748pt.
 [78] [79 <./immagini/test1/coplotTrustAnti_62.jpg> <./immagini/test1/coplotTru
stAnti_112.jpg>]
<immagini/test2/trustrankBadNodesTestMode1_62.jpg, id=343, 481.8pt x 481.8pt>
File: immagini/test2/trustrankBadNodesTestMode1_62.jpg Graphic file (type jpg)

<use immagini/test2/trustrankBadNodesTestMode1_62.jpg>
Package pdftex.def Info: immagini/test2/trustrankBadNodesTestMode1_62.jpg used 
on input line 148.
(pdftex.def)             Requested size: 256.0806pt x 256.0748pt.

<immagini/test2/trustrankBadNodesTestMode1_112.jpg, id=344, 481.8pt x 481.8pt>
File: immagini/test2/trustrankBadNodesTestMode1_112.jpg Graphic file (type jpg)


<use immagini/test2/trustrankBadNodesTestMode1_112.jpg>
Package pdftex.def Info: immagini/test2/trustrankBadNodesTestMode1_112.jpg used
 on input line 152.
(pdftex.def)             Requested size: 256.0806pt x 256.0748pt.


LaTeX Warning: Float too large for page by 18.14932pt on input line 155.


<immagini/test2/antiTrustraktGoodNodesTestMode1_62.jpg, id=345, 481.8pt x 481.8
pt>
File: immagini/test2/antiTrustraktGoodNodesTestMode1_62.jpg Graphic file (type 
jpg)
 <use immagini/test2/antiTrustraktGoodNodesTestMode1_62.jpg>
Package pdftex.def Info: immagini/test2/antiTrustraktGoodNodesTestMode1_62.jpg 
used on input line 162.
(pdftex.def)             Requested size: 256.0806pt x 256.0748pt.

<immagini/test2/antiTrustraktGoodNodesTestMode1_112.jpg, id=346, 481.8pt x 481.
8pt>
File: immagini/test2/antiTrustraktGoodNodesTestMode1_112.jpg Graphic file (type
 jpg)
 <use immagini/test2/antiTrustraktGoodNodesTestMode1_112.jpg>
Package pdftex.def Info: immagini/test2/antiTrustraktGoodNodesTestMode1_112.jpg
 used on input line 166.
(pdftex.def)             Requested size: 256.0806pt x 256.0748pt.


LaTeX Warning: Float too large for page by 54.14932pt on input line 169.

[80] [81 <./immagini/test2/trustrankBadNodesTestMode1_62.jpg> <./immagini/test2
/trustrankBadNodesTestMode1_112.jpg>] [82 <./immagini/test2/antiTrustraktGoodNo
desTestMode1_62.jpg> <./immagini/test2/antiTrustraktGoodNodesTestMode1_112.jpg>
] [83]
<immagini/test3/coplotTrustAnti_Mode1_set3776_62.jpg, id=359, 481.8pt x 481.8pt
>
File: immagini/test3/coplotTrustAnti_Mode1_set3776_62.jpg Graphic file (type jp
g)
 <use immagini/test3/coplotTrustAnti_Mode1_set3776_62.jpg>
Package pdftex.def Info: immagini/test3/coplotTrustAnti_Mode1_set3776_62.jpg us
ed on input line 191.
(pdftex.def)             Requested size: 256.0806pt x 256.0748pt.
 [84] [85 <./immagini/test3/coplotTrustAnti_Mode1_set3776_62.jpg>]
<immagini/test4/coplotTrustAnti_Mode1_set3776_62_alpha0005.jpg, id=368, 481.8pt
 x 481.8pt>
File: immagini/test4/coplotTrustAnti_Mode1_set3776_62_alpha0005.jpg Graphic fil
e (type jpg)

<use immagini/test4/coplotTrustAnti_Mode1_set3776_62_alpha0005.jpg>
Package pdftex.def Info: immagini/test4/coplotTrustAnti_Mode1_set3776_62_alpha0
005.jpg used on input line 203.
(pdftex.def)             Requested size: 256.0806pt x 256.0748pt.
 [86]
[87 <./immagini/test4/coplotTrustAnti_Mode1_set3776_62_alpha0005.jpg>] [88]
<immagini/test5/averageTest_trust_62.jpg, id=378, 481.8pt x 481.8pt>
File: immagini/test5/averageTest_trust_62.jpg Graphic file (type jpg)

<use immagini/test5/averageTest_trust_62.jpg>
Package pdftex.def Info: immagini/test5/averageTest_trust_62.jpg used on input 
line 229.
(pdftex.def)             Requested size: 256.0806pt x 256.0748pt.

<immagini/test5/averageTest_trust_112.jpg, id=379, 481.8pt x 481.8pt>
File: immagini/test5/averageTest_trust_112.jpg Graphic file (type jpg)

<use immagini/test5/averageTest_trust_112.jpg>
Package pdftex.def Info: immagini/test5/averageTest_trust_112.jpg used on input
 line 233.
(pdftex.def)             Requested size: 256.0806pt x 256.0748pt.


LaTeX Warning: Float too large for page by 18.14932pt on input line 236.

[89] [90 <./immagini/test5/averageTest_trust_62.jpg> <./immagini/test5/averageT
est_trust_112.jpg>]
<immagini/test5/averageTest_antitrust_62.jpg, id=387, 481.8pt x 481.8pt>
File: immagini/test5/averageTest_antitrust_62.jpg Graphic file (type jpg)

<use immagini/test5/averageTest_antitrust_62.jpg>
Package pdftex.def Info: immagini/test5/averageTest_antitrust_62.jpg used on in
put line 243.
(pdftex.def)             Requested size: 256.0806pt x 256.0748pt.

<immagini/test5/averageTest_antitrust_112.jpg, id=388, 481.8pt x 481.8pt>
File: immagini/test5/averageTest_antitrust_112.jpg Graphic file (type jpg)

<use immagini/test5/averageTest_antitrust_112.jpg>
Package pdftex.def Info: immagini/test5/averageTest_antitrust_112.jpg used on i
nput line 247.
(pdftex.def)             Requested size: 256.0806pt x 256.0748pt.


LaTeX Warning: Float too large for page by 18.14932pt on input line 250.

) [91] [92 <./immagini/test5/averageTest_antitrust_62.jpg> <./immagini/test5/av
erageTest_antitrust_112.jpg>] (./tesi.bbl [93



] [94] [95] [96]
Underfull \hbox (badness 3965) in paragraph at lines 183--187
\OT1/cmr/m/n/10.95 w-led by the La-bo-ra-to-ry of Web Al-go-ri-th-mics, Uni-ver
-si-ty of Mi-lan,
 []


Underfull \hbox (badness 7362) in paragraph at lines 198--201
[]\OT1/cmr/m/n/10.95 ``Law li-bra-ry api.''  http://law.di.unimi.it/software/la
w-docs/overview-
 []

) [97] (./tesi.aux (./inizio/introduzione.aux) (./capitoli/tecnicheAntispam.aux
) (./capitoli/tecnicheGrafo.aux) (./capitoli/tecnicheAltre.aux)
(./capitoli/dataset.aux) (./capitoli/test.aux)) ) 
Here is how much of TeX's memory you used:
 6479 strings out of 495048
 97962 string characters out of 3181555
 176675 words of memory out of 3000000
 9463 multiletter control sequences out of 15000+200000
 11618 words of font info for 42 fonts, out of 3000000 for 9000
 14 hyphenation exceptions out of 8191
 38i,9n,43p,1439b,1122s stack positions out of 5000i,500n,10000p,200000b,50000s
</usr/share/texlive/texmf-dist
/fonts/type1/public/amsfonts/cm/cmbx10.pfb></usr/share/texlive/texmf-dist/fonts
/type1/public/amsfonts/cm/cmbx12.pfb></usr/share/texlive/texmf-dist/fonts/type1
/public/amsfonts/cm/cmex10.pfb></usr/share/texlive/texmf-dist/fonts/type1/publi
c/amsfonts/cmextra/cmex8.pfb></usr/share/texlive/texmf-dist/fonts/type1/public/
amsfonts/cm/cmmi10.pfb></usr/share/texlive/texmf-dist/fonts/type1/public/amsfon
ts/cm/cmmi6.pfb></usr/share/texlive/texmf-dist/fonts/type1/public/amsfonts/cm/c
mmi7.pfb></usr/share/texlive/texmf-dist/fonts/type1/public/amsfonts/cm/cmmi8.pf
b></usr/share/texlive/texmf-dist/fonts/type1/public/amsfonts/cm/cmr10.pfb></usr
/share/texlive/texmf-dist/fonts/type1/public/amsfonts/cm/cmr6.pfb></usr/share/t
exlive/texmf-dist/fonts/type1/public/amsfonts/cm/cmr8.pfb></usr/share/texlive/t
exmf-dist/fonts/type1/public/amsfonts/cm/cmsl10.pfb></usr/share/texlive/texmf-d
ist/fonts/type1/public/amsfonts/cm/cmsy10.pfb></usr/share/texlive/texmf-dist/fo
nts/type1/public/amsfonts/cm/cmsy6.pfb></usr/share/texlive/texmf-dist/fonts/typ
e1/public/amsfonts/cm/cmsy8.pfb></usr/share/texlive/texmf-dist/fonts/type1/publ
ic/amsfonts/cm/cmti10.pfb></usr/share/texlive/texmf-dist/fonts/type1/public/ams
fonts/cm/cmtt10.pfb>
Output written on tesi.pdf (104 pages, 2051703 bytes).
PDF statistics:
 469 PDF objects out of 1000 (max. 8388607)
 283 compressed objects within 3 object streams
 0 named destinations out of 1000 (max. 500000)
 291 words of extra memory for PDF output out of 10000 (max. 10000000)

