\BOOKMARK [0][-]{chapter.1}{Introduzione}{}% 1
\BOOKMARK [1][-]{section.1.1}{Ranking dei motori di ricerca}{chapter.1}% 2
\BOOKMARK [2][-]{subsection.1.1.1}{Metodi di ranking endogeno}{section.1.1}% 3
\BOOKMARK [2][-]{subsection.1.1.2}{Metodi di ranking esogeno}{section.1.1}% 4
\BOOKMARK [1][-]{section.1.2}{Web spam}{chapter.1}% 5
\BOOKMARK [2][-]{subsection.1.2.1}{Tecniche di boost}{section.1.2}% 6
\BOOKMARK [2][-]{subsection.1.2.2}{Term Spamming}{section.1.2}% 7
\BOOKMARK [2][-]{subsection.1.2.3}{Link Spamming}{section.1.2}% 8
\BOOKMARK [2][-]{subsection.1.2.4}{Tecniche di hiding}{section.1.2}% 9
\BOOKMARK [2][-]{subsection.1.2.5}{Click Spamming}{section.1.2}% 10
\BOOKMARK [0][-]{chapter.2}{Tecniche basate sul contenuto}{}% 11
\BOOKMARK [1][-]{section.2.1}{Prime feature per identificare lo spam}{chapter.2}% 12
\BOOKMARK [2][-]{subsection.2.1.1}{Utilizzo di un classificatore per combinare le feature}{section.2.1}% 13
\BOOKMARK [1][-]{section.2.2}{Language model per rilevare lo spam}{chapter.2}% 14
\BOOKMARK [1][-]{section.2.3}{Spam detection sulla base degli argomenti di una pagina web}{chapter.2}% 15
\BOOKMARK [1][-]{section.2.4}{Altre tecniche}{chapter.2}% 16
\BOOKMARK [0][-]{chapter.3}{Tecniche basate sul grafo}{}% 17
\BOOKMARK [1][-]{section.3.1}{Metodi classici per identificare lo spam web usando il grafo}{chapter.3}% 18
\BOOKMARK [1][-]{section.3.2}{Metodi per identificare link farm}{chapter.3}% 19
\BOOKMARK [1][-]{section.3.3}{Link dai forum}{chapter.3}% 20
\BOOKMARK [1][-]{section.3.4}{Metodi per migliorare la classificazione}{chapter.3}% 21
\BOOKMARK [0][-]{chapter.4}{Tecniche che fanno uso di altri segnali}{}% 22
\BOOKMARK [1][-]{section.4.1}{Rilevamento dello spam di tipo cloaking}{chapter.4}% 23
\BOOKMARK [1][-]{section.4.2}{Rilevare lo spam tramite gli header HTTP}{chapter.4}% 24
\BOOKMARK [1][-]{section.4.3}{Altri metodi}{chapter.4}% 25
\BOOKMARK [0][-]{chapter.5}{Dataset e strumenti utilizzati}{}% 26
\BOOKMARK [1][-]{section.5.1}{Descrizione del dataset}{chapter.5}% 27
\BOOKMARK [1][-]{section.5.2}{La Tau di Kendall}{chapter.5}% 28
\BOOKMARK [1][-]{section.5.3}{Il framework Webgraph}{chapter.5}% 29
\BOOKMARK [0][-]{chapter.6}{Test dei metodi di spam detection}{}% 30
\BOOKMARK [1][-]{section.6.1}{Simulazione del crawler}{chapter.6}% 31
\BOOKMARK [1][-]{section.6.2}{I test}{chapter.6}% 32
\BOOKMARK [1][-]{section.6.3}{Test 1}{chapter.6}% 33
\BOOKMARK [1][-]{section.6.4}{Test 2}{chapter.6}% 34
\BOOKMARK [1][-]{section.6.5}{Test 3}{chapter.6}% 35
\BOOKMARK [1][-]{section.6.6}{Test 4}{chapter.6}% 36
\BOOKMARK [1][-]{section.6.7}{Test 5}{chapter.6}% 37
\BOOKMARK [1][-]{section.6.8}{Test 6}{chapter.6}% 38
\BOOKMARK [0][-]{chapter.7}{Conclusioni}{}% 39
